<?xml version="1.0" encoding="UTF-8"?>
<!-- Generated by org.testng.reporters.JUnitXMLReporter -->
<testsuite hostname="DESKTOP-I16ITIS" failures="0" tests="10" name="Default test" time="98.353" errors="0" timestamp="28 Sep 2021 16:19:56 GMT">
  <testcase classname="com.urbanladder.runner.runner" name="runScenario" time="21.362"/>
  <testcase classname="com.urbanladder.runner.runner" name="runScenario" time="2.189"/>
  <testcase classname="com.urbanladder.runner.runner" name="runScenario" time="12.888"/>
  <testcase classname="com.urbanladder.runner.runner" name="runScenario" time="10.28"/>
  <testcase classname="com.urbanladder.runner.runner" name="runScenario" time="10.247"/>
  <testcase classname="com.urbanladder.runner.runner" name="runScenario" time="9.345"/>
  <testcase classname="com.urbanladder.runner.runner" name="runScenario" time="8.899"/>
  <testcase classname="com.urbanladder.runner.runner" name="runScenario" time="8.628"/>
  <testcase classname="com.urbanladder.runner.runner" name="runScenario" time="11.042"/>
  <testcase classname="com.urbanladder.runner.runner" name="runScenario" time="3.167"/>
</testsuite> <!-- Default test -->
